<?xml version="1.0" encoding="UTF-8"?>
<robot generator="Robot 5.0.1 (Python 3.11.9 on win32)" generated="20240626 18:26:37.227" rpa="false" schemaversion="3">
<suite id="s1" name="Testing Keywords" source="C:\Users\Youssef_Mahdy\OneDrive - Dell Technologies\Documents\EngAcadMilestones\EngAcadMilestones\Testing_Keywords.robot">
<test id="s1-t1" name="Test SSH To Server" line="6">
<kw name="Send Command" library="Keywords">
<arg>whoami</arg>
<msg timestamp="20240626 18:26:47.212" level="INFO">root
</msg>
<status status="PASS" starttime="20240626 18:26:46.466" endtime="20240626 18:26:47.212"/>
</kw>
<kw name="Check Images" library="Keywords">
<var>${back_ret_status}</var>
<arg>academy_backend</arg>
<msg timestamp="20240626 18:26:48.803" level="INFO">1
</msg>
<msg timestamp="20240626 18:26:48.803" level="INFO">${back_ret_status} = 1</msg>
<status status="PASS" starttime="20240626 18:26:47.212" endtime="20240626 18:26:48.803"/>
</kw>
<kw name="Run Keyword If" library="BuiltIn">
<arg>${back_ret_status} &lt; 1</arg>
<arg>Build Image</arg>
<arg>academy_backend</arg>
<arg>/root/simple-django-app</arg>
<doc>Runs the given keyword with the given arguments, if ``condition`` is true.</doc>
<status status="PASS" starttime="20240626 18:26:48.803" endtime="20240626 18:26:48.803"/>
</kw>
<kw name="Check Images" library="Keywords">
<var>${front_ret_status}</var>
<arg>academy_frontend</arg>
<msg timestamp="20240626 18:26:50.268" level="INFO">1
</msg>
<msg timestamp="20240626 18:26:50.269" level="INFO">${front_ret_status} = 1</msg>
<status status="PASS" starttime="20240626 18:26:48.803" endtime="20240626 18:26:50.269"/>
</kw>
<kw name="Run Keyword If" library="BuiltIn">
<arg>${front_ret_status} &lt; 1</arg>
<arg>Build Image</arg>
<arg>academy_frontend</arg>
<arg>/root/simple-django-app</arg>
<doc>Runs the given keyword with the given arguments, if ``condition`` is true.</doc>
<status status="PASS" starttime="20240626 18:26:50.269" endtime="20240626 18:26:50.270"/>
</kw>
<doc>Verify SSH To Server is working fine</doc>
<tag>Milestone2</tag>
<status status="PASS" starttime="20240626 18:26:46.466" endtime="20240626 18:26:50.271"/>
</test>
<doc>This suite consists of testing the methods in Keywords</doc>
<status status="PASS" starttime="20240626 18:26:37.227" endtime="20240626 18:26:50.272"/>
</suite>
<statistics>
<total>
<stat pass="1" fail="0" skip="0">All Tests</stat>
</total>
<tag>
<stat pass="1" fail="0" skip="0">Milestone2</stat>
</tag>
<suite>
<stat pass="1" fail="0" skip="0" id="s1" name="Testing Keywords">Testing Keywords</stat>
</suite>
</statistics>
<errors>
</errors>
</robot>
