<?xml version="1.0" encoding="UTF-8"?>
<robot generator="Robot 5.0.1 (Python 3.11.9 on win32)" generated="20240626 12:29:20.260" rpa="false" schemaversion="3">
<suite id="s1" name="Testing Keywords" source="C:\Users\Youssef_Mahdy\OneDrive - Dell Technologies\Documents\EngAcadMilestones\EngAcadMilestones\Testing_Keywords.robot">
<test id="s1-t1" name="Test SSH To Server" line="11">
<kw name="Ssh To Server" library="Keywords">
<var>${output}</var>
<arg>10.237.95.2</arg>
<arg>${USERNAME}</arg>
<arg>${PASSWORD}</arg>
<arg>whoami</arg>
<doc>SSH to a server and execute a command.</doc>
<msg timestamp="20240626 12:29:22.652" level="INFO">${output} = youssef_mahdy
</msg>
<status status="PASS" starttime="20240626 12:29:20.871" endtime="20240626 12:29:22.652"/>
</kw>
<kw name="Log" library="BuiltIn">
<arg>${output}</arg>
<doc>Logs the given message with the given level.</doc>
<msg timestamp="20240626 12:29:22.653" level="INFO">youssef_mahdy
</msg>
<status status="PASS" starttime="20240626 12:29:22.652" endtime="20240626 12:29:22.653"/>
</kw>
<doc>Verify SSH To Server is working fine</doc>
<tag>Milestone2</tag>
<status status="PASS" starttime="20240626 12:29:20.870" endtime="20240626 12:29:22.653"/>
</test>
<doc>This suite consists of testing the methods in Keywords</doc>
<status status="PASS" starttime="20240626 12:29:20.268" endtime="20240626 12:29:22.655"/>
</suite>
<statistics>
<total>
<stat pass="1" fail="0" skip="0">All Tests</stat>
</total>
<tag>
<stat pass="1" fail="0" skip="0">Milestone2</stat>
</tag>
<suite>
<stat pass="1" fail="0" skip="0" id="s1" name="Testing Keywords">Testing Keywords</stat>
</suite>
</statistics>
<errors>
</errors>
</robot>
